2024-01-18 09:11:49,946 [Worker-7] INFO  o.e.m.c.i.p.ProjectConfigurationManager - Update started
2024-01-18 09:11:54,821 [Worker-7] INFO  o.e.m.c.i.l.LifecycleMappingFactory - Using org.eclipse.m2e.jdt.JarLifecycleMapping lifecycle mapping for MavenProject: com.ts:Student:0.0.1-SNAPSHOT @ C:\jdbc-assignment\SpringBoot\Student\pom.xml.
2024-01-18 09:11:59,496 [Worker-7] INFO  o.e.m.j.i.AbstractJavaProjectConfigurator - Adding source folder /Student/src/main/java
2024-01-18 09:11:59,497 [Worker-7] INFO  o.e.m.j.i.AbstractJavaProjectConfigurator - Adding resource folder /Student/src/main/resources
2024-01-18 09:11:59,508 [Worker-7] INFO  o.e.m.j.i.AbstractJavaProjectConfigurator - Adding resource folder /Student/src/main/resources
2024-01-18 09:11:59,531 [Worker-7] INFO  o.e.m.j.i.AbstractJavaProjectConfigurator - Adding source folder /Student/src/test/java
2024-01-18 09:12:01,062 [Worker-3] INFO  o.a.m.s.f.DefaultMavenResourcesFiltering - Copying 1 resource from src\main\resources to target\classes
2024-01-18 09:12:01,102 [Worker-3] INFO  o.a.m.s.f.DefaultMavenResourcesFiltering - Copying 0 resource from src\main\resources to target\classes
2024-01-18 09:12:01,106 [Worker-3] INFO  o.a.m.s.f.DefaultMavenResourcesFiltering - skip non existing resourceDirectory C:\jdbc-assignment\SpringBoot\Student\src\test\resources
2024-01-18 09:12:04,154 [Worker-7] INFO  o.e.m.c.i.p.ProjectConfigurationManager - Update completed: 14 sec
2024-01-18 09:12:04,320 [Worker-3] INFO  o.a.m.s.f.DefaultMavenResourcesFiltering - Copying 0 resource from src\main\resources to target\classes
2024-01-18 09:12:04,321 [Worker-3] INFO  o.a.m.s.f.DefaultMavenResourcesFiltering - Copying 0 resource from src\main\resources to target\classes
2024-01-18 09:12:04,323 [Worker-3] INFO  o.a.m.s.f.DefaultMavenResourcesFiltering - skip non existing resourceDirectory C:\jdbc-assignment\SpringBoot\Student\src\test\resources
2024-01-18 09:13:18,317 [Worker-7] INFO  o.e.m.c.i.l.LifecycleMappingFactory - Using org.eclipse.m2e.jdt.JarLifecycleMapping lifecycle mapping for MavenProject: com.ts:Student:0.0.1-SNAPSHOT @ C:\jdbc-assignment\SpringBoot\Student\pom.xml.
2024-01-18 09:13:27,431 [Worker-7] INFO  o.e.m.c.i.embedder.EclipseLogger - Using 'UTF-8' encoding to copy filtered resources.
2024-01-18 09:13:27,432 [Worker-7] INFO  o.e.m.c.i.embedder.EclipseLogger - Using 'UTF-8' encoding to copy filtered properties files.
2024-01-18 09:13:27,436 [Worker-7] INFO  o.e.m.c.i.embedder.EclipseLogger - Copying 0 resource
2024-01-18 09:13:27,436 [Worker-7] INFO  o.e.m.c.i.embedder.EclipseLogger - Copying 0 resource
2024-01-18 09:13:27,440 [Worker-7] INFO  o.e.m.c.i.embedder.EclipseLogger - Using 'UTF-8' encoding to copy filtered resources.
2024-01-18 09:13:27,440 [Worker-7] INFO  o.e.m.c.i.embedder.EclipseLogger - Using 'UTF-8' encoding to copy filtered properties files.
2024-01-18 09:13:27,440 [Worker-7] INFO  o.e.m.c.i.embedder.EclipseLogger - skip non existing resourceDirectory C:\jdbc-assignment\SpringBoot\Student\src\test\resources
2024-01-18 09:13:29,492 [Worker-4] INFO  o.e.m.c.i.embedder.EclipseLogger - Using 'UTF-8' encoding to copy filtered resources.
2024-01-18 09:13:29,492 [Worker-4] INFO  o.e.m.c.i.embedder.EclipseLogger - Using 'UTF-8' encoding to copy filtered properties files.
2024-01-18 09:13:29,513 [Worker-4] INFO  o.e.m.c.i.embedder.EclipseLogger - Copying 1 resource
2024-01-18 09:13:29,535 [Worker-4] INFO  o.e.m.c.i.embedder.EclipseLogger - Copying 0 resource
2024-01-18 09:13:29,540 [Worker-4] INFO  o.e.m.c.i.embedder.EclipseLogger - Using 'UTF-8' encoding to copy filtered resources.
2024-01-18 09:13:29,541 [Worker-4] INFO  o.e.m.c.i.embedder.EclipseLogger - Using 'UTF-8' encoding to copy filtered properties files.
2024-01-18 09:13:29,541 [Worker-4] INFO  o.e.m.c.i.embedder.EclipseLogger - skip non existing resourceDirectory C:\jdbc-assignment\SpringBoot\Student\src\test\resources
2024-01-18 09:14:20,689 [Worker-20] INFO  o.e.m.c.i.embedder.EclipseLogger - Using 'UTF-8' encoding to copy filtered resources.
2024-01-18 09:14:20,689 [Worker-20] INFO  o.e.m.c.i.embedder.EclipseLogger - Using 'UTF-8' encoding to copy filtered properties files.
2024-01-18 09:14:20,691 [Worker-20] INFO  o.e.m.c.i.embedder.EclipseLogger - Copying 1 resource
2024-01-18 09:14:20,704 [Worker-20] INFO  o.e.m.c.i.embedder.EclipseLogger - Copying 0 resource
2024-01-18 09:14:20,707 [Worker-20] INFO  o.e.m.c.i.embedder.EclipseLogger - Using 'UTF-8' encoding to copy filtered resources.
2024-01-18 09:14:20,708 [Worker-20] INFO  o.e.m.c.i.embedder.EclipseLogger - Using 'UTF-8' encoding to copy filtered properties files.
2024-01-18 09:14:20,708 [Worker-20] INFO  o.e.m.c.i.embedder.EclipseLogger - skip non existing resourceDirectory C:\jdbc-assignment\SpringBoot\Student\src\test\resources
2024-01-18 09:15:12,524 [Worker-19] INFO  o.e.m.c.i.embedder.EclipseLogger - Using 'UTF-8' encoding to copy filtered resources.
2024-01-18 09:15:12,525 [Worker-19] INFO  o.e.m.c.i.embedder.EclipseLogger - Using 'UTF-8' encoding to copy filtered properties files.
2024-01-18 09:15:12,527 [Worker-19] INFO  o.e.m.c.i.embedder.EclipseLogger - Copying 1 resource
2024-01-18 09:15:12,545 [Worker-19] INFO  o.e.m.c.i.embedder.EclipseLogger - Copying 0 resource
2024-01-18 09:15:12,549 [Worker-19] INFO  o.e.m.c.i.embedder.EclipseLogger - Using 'UTF-8' encoding to copy filtered resources.
2024-01-18 09:15:12,549 [Worker-19] INFO  o.e.m.c.i.embedder.EclipseLogger - Using 'UTF-8' encoding to copy filtered properties files.
2024-01-18 09:15:12,550 [Worker-19] INFO  o.e.m.c.i.embedder.EclipseLogger - skip non existing resourceDirectory C:\jdbc-assignment\SpringBoot\Student\src\test\resources
2024-01-18 09:19:42,533 [Worker-13] WARN  o.e.r.models.ModelRepository - Failed to download org.eclipse.recommenders:index::zip:0.0.0
org.eclipse.aether.resolution.ArtifactResolutionException: Could not find artifact org.eclipse.recommenders:index:zip:0.0.0-SNAPSHOT in models (http://download.eclipse.org/recommenders/models/neon/)
	at org.eclipse.aether.internal.impl.DefaultArtifactResolver.resolve(DefaultArtifactResolver.java:444) ~[na:na]
	at org.eclipse.aether.internal.impl.DefaultArtifactResolver.resolveArtifacts(DefaultArtifactResolver.java:246) ~[na:na]
	at org.eclipse.aether.internal.impl.DefaultArtifactResolver.resolveArtifact(DefaultArtifactResolver.java:223) ~[na:na]
	at org.eclipse.aether.internal.impl.DefaultRepositorySystem.resolveArtifact(DefaultRepositorySystem.java:294) ~[na:na]
	at org.eclipse.recommenders.models.ModelRepository.resolveInternal(ModelRepository.java:193) [org.eclipse.recommenders.models_2.4.6.v20170307-1041.jar:na]
	at org.eclipse.recommenders.models.ModelRepository.resolve(ModelRepository.java:172) [org.eclipse.recommenders.models_2.4.6.v20170307-1041.jar:na]
	at org.eclipse.recommenders.internal.models.rcp.EclipseModelRepository.resolve(EclipseModelRepository.java:169) [org.eclipse.recommenders.models.rcp_2.4.6.v20170307-1041.jar:na]
	at org.eclipse.recommenders.internal.models.rcp.DownloadModelArchiveJob.run(DownloadModelArchiveJob.java:76) [org.eclipse.recommenders.models.rcp_2.4.6.v20170307-1041.jar:na]
	at org.eclipse.core.internal.jobs.Worker.run(Worker.java:55) [org.eclipse.core.jobs_3.8.0.v20160509-0411.jar:na]
Caused by: org.eclipse.aether.transfer.ArtifactNotFoundException: Could not find artifact org.eclipse.recommenders:index:zip:0.0.0-SNAPSHOT in models (http://download.eclipse.org/recommenders/models/neon/)
	at org.eclipse.aether.connector.basic.ArtifactTransportListener.transferFailed(ArtifactTransportListener.java:39) ~[org.eclipse.aether.connector.basic_1.0.1.v20141111.jar:na]
	at org.eclipse.aether.connector.basic.BasicRepositoryConnector$TaskRunner.run(BasicRepositoryConnector.java:355) ~[org.eclipse.aether.connector.basic_1.0.1.v20141111.jar:na]
	at org.eclipse.aether.util.concurrency.RunnableErrorForwarder$1.run(RunnableErrorForwarder.java:67) ~[na:na]
	at org.eclipse.aether.connector.basic.BasicRepositoryConnector$DirectExecutor.execute(BasicRepositoryConnector.java:581) ~[org.eclipse.aether.connector.basic_1.0.1.v20141111.jar:na]
	at org.eclipse.aether.connector.basic.BasicRepositoryConnector.get(BasicRepositoryConnector.java:249) ~[org.eclipse.aether.connector.basic_1.0.1.v20141111.jar:na]
	at org.eclipse.aether.internal.impl.DefaultArtifactResolver.performDownloads(DefaultArtifactResolver.java:520) ~[na:na]
	at org.eclipse.aether.internal.impl.DefaultArtifactResolver.resolve(DefaultArtifactResolver.java:421) ~[na:na]
	... 8 common frames omitted
2024-01-18 09:20:34,430 [Worker-20] INFO  o.e.m.c.i.embedder.EclipseLogger - Using 'UTF-8' encoding to copy filtered resources.
2024-01-18 09:20:34,430 [Worker-20] INFO  o.e.m.c.i.embedder.EclipseLogger - Using 'UTF-8' encoding to copy filtered properties files.
2024-01-18 09:20:34,431 [Worker-20] INFO  o.e.m.c.i.embedder.EclipseLogger - Copying 1 resource
2024-01-18 09:20:34,442 [Worker-20] INFO  o.e.m.c.i.embedder.EclipseLogger - Copying 0 resource
2024-01-18 09:20:34,445 [Worker-20] INFO  o.e.m.c.i.embedder.EclipseLogger - Using 'UTF-8' encoding to copy filtered resources.
2024-01-18 09:20:34,447 [Worker-20] INFO  o.e.m.c.i.embedder.EclipseLogger - Using 'UTF-8' encoding to copy filtered properties files.
2024-01-18 09:20:34,447 [Worker-20] INFO  o.e.m.c.i.embedder.EclipseLogger - skip non existing resourceDirectory C:\jdbc-assignment\SpringBoot\Student\src\test\resources
2024-01-18 09:21:19,232 [Worker-10] INFO  o.e.m.c.i.embedder.EclipseLogger - Using 'UTF-8' encoding to copy filtered resources.
2024-01-18 09:21:19,233 [Worker-10] INFO  o.e.m.c.i.embedder.EclipseLogger - Using 'UTF-8' encoding to copy filtered properties files.
2024-01-18 09:21:19,236 [Worker-10] INFO  o.e.m.c.i.embedder.EclipseLogger - Copying 1 resource
2024-01-18 09:21:19,253 [Worker-10] INFO  o.e.m.c.i.embedder.EclipseLogger - Copying 0 resource
2024-01-18 09:21:19,258 [Worker-10] INFO  o.e.m.c.i.embedder.EclipseLogger - Using 'UTF-8' encoding to copy filtered resources.
2024-01-18 09:21:19,258 [Worker-10] INFO  o.e.m.c.i.embedder.EclipseLogger - Using 'UTF-8' encoding to copy filtered properties files.
2024-01-18 09:21:19,259 [Worker-10] INFO  o.e.m.c.i.embedder.EclipseLogger - skip non existing resourceDirectory C:\jdbc-assignment\SpringBoot\Student\src\test\resources
2024-01-18 09:26:11,863 [Worker-10] INFO  o.e.m.c.i.embedder.EclipseLogger - Using 'UTF-8' encoding to copy filtered resources.
2024-01-18 09:26:11,863 [Worker-10] INFO  o.e.m.c.i.embedder.EclipseLogger - Using 'UTF-8' encoding to copy filtered properties files.
2024-01-18 09:26:11,864 [Worker-10] INFO  o.e.m.c.i.embedder.EclipseLogger - Copying 1 resource
2024-01-18 09:26:11,876 [Worker-10] INFO  o.e.m.c.i.embedder.EclipseLogger - Copying 0 resource
2024-01-18 09:26:11,879 [Worker-10] INFO  o.e.m.c.i.embedder.EclipseLogger - Using 'UTF-8' encoding to copy filtered resources.
2024-01-18 09:26:11,879 [Worker-10] INFO  o.e.m.c.i.embedder.EclipseLogger - Using 'UTF-8' encoding to copy filtered properties files.
2024-01-18 09:26:11,879 [Worker-10] INFO  o.e.m.c.i.embedder.EclipseLogger - skip non existing resourceDirectory C:\jdbc-assignment\SpringBoot\Student\src\test\resources
2024-01-18 09:26:33,162 [Worker-10] INFO  o.e.m.c.i.embedder.EclipseLogger - Using 'UTF-8' encoding to copy filtered resources.
2024-01-18 09:26:33,162 [Worker-10] INFO  o.e.m.c.i.embedder.EclipseLogger - Using 'UTF-8' encoding to copy filtered properties files.
2024-01-18 09:26:33,163 [Worker-10] INFO  o.e.m.c.i.embedder.EclipseLogger - Copying 1 resource
2024-01-18 09:26:33,170 [Worker-10] INFO  o.e.m.c.i.embedder.EclipseLogger - Copying 0 resource
2024-01-18 09:26:33,173 [Worker-10] INFO  o.e.m.c.i.embedder.EclipseLogger - Using 'UTF-8' encoding to copy filtered resources.
2024-01-18 09:26:33,173 [Worker-10] INFO  o.e.m.c.i.embedder.EclipseLogger - Using 'UTF-8' encoding to copy filtered properties files.
2024-01-18 09:26:33,173 [Worker-10] INFO  o.e.m.c.i.embedder.EclipseLogger - skip non existing resourceDirectory C:\jdbc-assignment\SpringBoot\Student\src\test\resources
2024-01-18 09:27:18,856 [Worker-20] INFO  o.e.m.c.i.embedder.EclipseLogger - Using 'UTF-8' encoding to copy filtered resources.
2024-01-18 09:27:18,857 [Worker-20] INFO  o.e.m.c.i.embedder.EclipseLogger - Using 'UTF-8' encoding to copy filtered properties files.
2024-01-18 09:27:18,861 [Worker-20] INFO  o.e.m.c.i.embedder.EclipseLogger - Copying 1 resource
2024-01-18 09:27:18,902 [Worker-20] INFO  o.e.m.c.i.embedder.EclipseLogger - Copying 0 resource
2024-01-18 09:27:18,908 [Worker-20] INFO  o.e.m.c.i.embedder.EclipseLogger - Using 'UTF-8' encoding to copy filtered resources.
2024-01-18 09:27:18,909 [Worker-20] INFO  o.e.m.c.i.embedder.EclipseLogger - Using 'UTF-8' encoding to copy filtered properties files.
2024-01-18 09:27:18,909 [Worker-20] INFO  o.e.m.c.i.embedder.EclipseLogger - skip non existing resourceDirectory C:\jdbc-assignment\SpringBoot\Student\src\test\resources
2024-01-18 09:30:31,796 [Worker-13] INFO  o.e.m.c.i.embedder.EclipseLogger - Using 'UTF-8' encoding to copy filtered resources.
2024-01-18 09:30:31,796 [Worker-13] INFO  o.e.m.c.i.embedder.EclipseLogger - Using 'UTF-8' encoding to copy filtered properties files.
2024-01-18 09:30:31,797 [Worker-13] INFO  o.e.m.c.i.embedder.EclipseLogger - Copying 1 resource
2024-01-18 09:30:31,808 [Worker-13] INFO  o.e.m.c.i.embedder.EclipseLogger - Copying 0 resource
2024-01-18 09:30:31,810 [Worker-13] INFO  o.e.m.c.i.embedder.EclipseLogger - Using 'UTF-8' encoding to copy filtered resources.
2024-01-18 09:30:31,810 [Worker-13] INFO  o.e.m.c.i.embedder.EclipseLogger - Using 'UTF-8' encoding to copy filtered properties files.
2024-01-18 09:30:31,810 [Worker-13] INFO  o.e.m.c.i.embedder.EclipseLogger - skip non existing resourceDirectory C:\jdbc-assignment\SpringBoot\Student\src\test\resources
2024-01-18 09:31:33,421 [Worker-10] INFO  o.e.m.c.i.embedder.EclipseLogger - Using 'UTF-8' encoding to copy filtered resources.
2024-01-18 09:31:33,421 [Worker-10] INFO  o.e.m.c.i.embedder.EclipseLogger - Using 'UTF-8' encoding to copy filtered properties files.
2024-01-18 09:31:33,422 [Worker-10] INFO  o.e.m.c.i.embedder.EclipseLogger - Copying 1 resource
2024-01-18 09:31:33,446 [Worker-10] INFO  o.e.m.c.i.embedder.EclipseLogger - Copying 0 resource
2024-01-18 09:31:33,448 [Worker-10] INFO  o.e.m.c.i.embedder.EclipseLogger - Using 'UTF-8' encoding to copy filtered resources.
2024-01-18 09:31:33,448 [Worker-10] INFO  o.e.m.c.i.embedder.EclipseLogger - Using 'UTF-8' encoding to copy filtered properties files.
2024-01-18 09:31:33,448 [Worker-10] INFO  o.e.m.c.i.embedder.EclipseLogger - skip non existing resourceDirectory C:\jdbc-assignment\SpringBoot\Student\src\test\resources
2024-01-18 09:31:58,316 [Worker-14] INFO  o.e.m.c.i.embedder.EclipseLogger - Using 'UTF-8' encoding to copy filtered resources.
2024-01-18 09:31:58,316 [Worker-14] INFO  o.e.m.c.i.embedder.EclipseLogger - Using 'UTF-8' encoding to copy filtered properties files.
2024-01-18 09:31:58,317 [Worker-14] INFO  o.e.m.c.i.embedder.EclipseLogger - Copying 1 resource
2024-01-18 09:31:58,329 [Worker-14] INFO  o.e.m.c.i.embedder.EclipseLogger - Copying 0 resource
2024-01-18 09:31:58,332 [Worker-14] INFO  o.e.m.c.i.embedder.EclipseLogger - Using 'UTF-8' encoding to copy filtered resources.
2024-01-18 09:31:58,332 [Worker-14] INFO  o.e.m.c.i.embedder.EclipseLogger - Using 'UTF-8' encoding to copy filtered properties files.
2024-01-18 09:31:58,333 [Worker-14] INFO  o.e.m.c.i.embedder.EclipseLogger - skip non existing resourceDirectory C:\jdbc-assignment\SpringBoot\Student\src\test\resources
2024-01-18 09:32:44,354 [Worker-14] INFO  o.e.m.c.i.embedder.EclipseLogger - Using 'UTF-8' encoding to copy filtered resources.
2024-01-18 09:32:44,355 [Worker-14] INFO  o.e.m.c.i.embedder.EclipseLogger - Using 'UTF-8' encoding to copy filtered properties files.
2024-01-18 09:32:44,356 [Worker-14] INFO  o.e.m.c.i.embedder.EclipseLogger - Copying 1 resource
2024-01-18 09:32:44,371 [Worker-14] INFO  o.e.m.c.i.embedder.EclipseLogger - Copying 0 resource
2024-01-18 09:32:44,373 [Worker-14] INFO  o.e.m.c.i.embedder.EclipseLogger - Using 'UTF-8' encoding to copy filtered resources.
2024-01-18 09:32:44,374 [Worker-14] INFO  o.e.m.c.i.embedder.EclipseLogger - Using 'UTF-8' encoding to copy filtered properties files.
2024-01-18 09:32:44,374 [Worker-14] INFO  o.e.m.c.i.embedder.EclipseLogger - skip non existing resourceDirectory C:\jdbc-assignment\SpringBoot\Student\src\test\resources
2024-01-18 09:33:54,816 [Worker-4] INFO  o.e.m.c.i.embedder.EclipseLogger - Using 'UTF-8' encoding to copy filtered resources.
2024-01-18 09:33:54,817 [Worker-4] INFO  o.e.m.c.i.embedder.EclipseLogger - Using 'UTF-8' encoding to copy filtered properties files.
2024-01-18 09:33:54,817 [Worker-4] INFO  o.e.m.c.i.embedder.EclipseLogger - Copying 1 resource
2024-01-18 09:33:54,853 [Worker-4] INFO  o.e.m.c.i.embedder.EclipseLogger - Copying 0 resource
2024-01-18 09:33:54,858 [Worker-4] INFO  o.e.m.c.i.embedder.EclipseLogger - Using 'UTF-8' encoding to copy filtered resources.
2024-01-18 09:33:54,858 [Worker-4] INFO  o.e.m.c.i.embedder.EclipseLogger - Using 'UTF-8' encoding to copy filtered properties files.
2024-01-18 09:33:54,859 [Worker-4] INFO  o.e.m.c.i.embedder.EclipseLogger - skip non existing resourceDirectory C:\jdbc-assignment\SpringBoot\Student\src\test\resources
2024-01-18 09:34:36,799 [Worker-14] INFO  o.e.m.c.i.embedder.EclipseLogger - Using 'UTF-8' encoding to copy filtered resources.
2024-01-18 09:34:36,800 [Worker-14] INFO  o.e.m.c.i.embedder.EclipseLogger - Using 'UTF-8' encoding to copy filtered properties files.
2024-01-18 09:34:36,801 [Worker-14] INFO  o.e.m.c.i.embedder.EclipseLogger - Copying 1 resource
2024-01-18 09:34:36,813 [Worker-14] INFO  o.e.m.c.i.embedder.EclipseLogger - Copying 0 resource
2024-01-18 09:34:36,815 [Worker-14] INFO  o.e.m.c.i.embedder.EclipseLogger - Using 'UTF-8' encoding to copy filtered resources.
2024-01-18 09:34:36,815 [Worker-14] INFO  o.e.m.c.i.embedder.EclipseLogger - Using 'UTF-8' encoding to copy filtered properties files.
2024-01-18 09:34:36,815 [Worker-14] INFO  o.e.m.c.i.embedder.EclipseLogger - skip non existing resourceDirectory C:\jdbc-assignment\SpringBoot\Student\src\test\resources
2024-01-18 09:35:46,340 [Worker-7] INFO  o.e.m.c.i.embedder.EclipseLogger - Using 'UTF-8' encoding to copy filtered resources.
2024-01-18 09:35:46,340 [Worker-7] INFO  o.e.m.c.i.embedder.EclipseLogger - Using 'UTF-8' encoding to copy filtered properties files.
2024-01-18 09:35:46,341 [Worker-7] INFO  o.e.m.c.i.embedder.EclipseLogger - Copying 1 resource
2024-01-18 09:35:46,351 [Worker-7] INFO  o.e.m.c.i.embedder.EclipseLogger - Copying 0 resource
2024-01-18 09:35:46,354 [Worker-7] INFO  o.e.m.c.i.embedder.EclipseLogger - Using 'UTF-8' encoding to copy filtered resources.
2024-01-18 09:35:46,354 [Worker-7] INFO  o.e.m.c.i.embedder.EclipseLogger - Using 'UTF-8' encoding to copy filtered properties files.
2024-01-18 09:35:46,355 [Worker-7] INFO  o.e.m.c.i.embedder.EclipseLogger - skip non existing resourceDirectory C:\jdbc-assignment\SpringBoot\Student\src\test\resources
2024-01-18 09:38:15,782 [Worker-14] INFO  o.e.m.c.i.embedder.EclipseLogger - Using 'UTF-8' encoding to copy filtered resources.
2024-01-18 09:38:15,782 [Worker-14] INFO  o.e.m.c.i.embedder.EclipseLogger - Using 'UTF-8' encoding to copy filtered properties files.
2024-01-18 09:38:15,783 [Worker-14] INFO  o.e.m.c.i.embedder.EclipseLogger - Copying 1 resource
2024-01-18 09:38:15,809 [Worker-14] INFO  o.e.m.c.i.embedder.EclipseLogger - Copying 0 resource
2024-01-18 09:38:15,810 [Worker-14] INFO  o.e.m.c.i.embedder.EclipseLogger - Using 'UTF-8' encoding to copy filtered resources.
2024-01-18 09:38:15,811 [Worker-14] INFO  o.e.m.c.i.embedder.EclipseLogger - Using 'UTF-8' encoding to copy filtered properties files.
2024-01-18 09:38:15,811 [Worker-14] INFO  o.e.m.c.i.embedder.EclipseLogger - skip non existing resourceDirectory C:\jdbc-assignment\SpringBoot\Student\src\test\resources
2024-01-18 09:42:13,225 [Worker-22] INFO  o.e.m.c.i.embedder.EclipseLogger - Using 'UTF-8' encoding to copy filtered resources.
2024-01-18 09:42:13,226 [Worker-22] INFO  o.e.m.c.i.embedder.EclipseLogger - Using 'UTF-8' encoding to copy filtered properties files.
2024-01-18 09:42:13,227 [Worker-22] INFO  o.e.m.c.i.embedder.EclipseLogger - Copying 1 resource
2024-01-18 09:42:13,240 [Worker-22] INFO  o.e.m.c.i.embedder.EclipseLogger - Copying 0 resource
2024-01-18 09:42:13,242 [Worker-22] INFO  o.e.m.c.i.embedder.EclipseLogger - Using 'UTF-8' encoding to copy filtered resources.
2024-01-18 09:42:13,242 [Worker-22] INFO  o.e.m.c.i.embedder.EclipseLogger - Using 'UTF-8' encoding to copy filtered properties files.
2024-01-18 09:42:13,243 [Worker-22] INFO  o.e.m.c.i.embedder.EclipseLogger - skip non existing resourceDirectory C:\jdbc-assignment\SpringBoot\Student\src\test\resources
2024-01-18 09:44:22,044 [Worker-23] INFO  o.e.m.c.i.embedder.EclipseLogger - Using 'UTF-8' encoding to copy filtered resources.
2024-01-18 09:44:22,044 [Worker-23] INFO  o.e.m.c.i.embedder.EclipseLogger - Using 'UTF-8' encoding to copy filtered properties files.
2024-01-18 09:44:22,046 [Worker-23] INFO  o.e.m.c.i.embedder.EclipseLogger - Copying 1 resource
2024-01-18 09:44:22,058 [Worker-23] INFO  o.e.m.c.i.embedder.EclipseLogger - Copying 0 resource
2024-01-18 09:44:22,061 [Worker-23] INFO  o.e.m.c.i.embedder.EclipseLogger - Using 'UTF-8' encoding to copy filtered resources.
2024-01-18 09:44:22,061 [Worker-23] INFO  o.e.m.c.i.embedder.EclipseLogger - Using 'UTF-8' encoding to copy filtered properties files.
2024-01-18 09:44:22,062 [Worker-23] INFO  o.e.m.c.i.embedder.EclipseLogger - skip non existing resourceDirectory C:\jdbc-assignment\SpringBoot\Student\src\test\resources
2024-01-18 09:45:12,786 [Worker-23] INFO  o.e.m.c.i.embedder.EclipseLogger - Using 'UTF-8' encoding to copy filtered resources.
2024-01-18 09:45:12,786 [Worker-23] INFO  o.e.m.c.i.embedder.EclipseLogger - Using 'UTF-8' encoding to copy filtered properties files.
2024-01-18 09:45:12,787 [Worker-23] INFO  o.e.m.c.i.embedder.EclipseLogger - Copying 1 resource
2024-01-18 09:45:12,798 [Worker-23] INFO  o.e.m.c.i.embedder.EclipseLogger - Copying 0 resource
2024-01-18 09:45:12,801 [Worker-23] INFO  o.e.m.c.i.embedder.EclipseLogger - Using 'UTF-8' encoding to copy filtered resources.
2024-01-18 09:45:12,801 [Worker-23] INFO  o.e.m.c.i.embedder.EclipseLogger - Using 'UTF-8' encoding to copy filtered properties files.
2024-01-18 09:45:12,801 [Worker-23] INFO  o.e.m.c.i.embedder.EclipseLogger - skip non existing resourceDirectory C:\jdbc-assignment\SpringBoot\Student\src\test\resources
2024-01-18 09:54:16,089 [Worker-32] INFO  o.e.m.c.i.embedder.EclipseLogger - Using 'UTF-8' encoding to copy filtered resources.
2024-01-18 09:54:16,089 [Worker-32] INFO  o.e.m.c.i.embedder.EclipseLogger - Using 'UTF-8' encoding to copy filtered properties files.
2024-01-18 09:54:16,091 [Worker-32] INFO  o.e.m.c.i.embedder.EclipseLogger - Copying 1 resource
2024-01-18 09:54:16,143 [Worker-32] INFO  o.e.m.c.i.embedder.EclipseLogger - Copying 0 resource
2024-01-18 09:54:16,147 [Worker-32] INFO  o.e.m.c.i.embedder.EclipseLogger - Using 'UTF-8' encoding to copy filtered resources.
2024-01-18 09:54:16,147 [Worker-32] INFO  o.e.m.c.i.embedder.EclipseLogger - Using 'UTF-8' encoding to copy filtered properties files.
2024-01-18 09:54:16,147 [Worker-32] INFO  o.e.m.c.i.embedder.EclipseLogger - skip non existing resourceDirectory C:\jdbc-assignment\SpringBoot\Student\src\test\resources
2024-01-18 09:55:25,282 [Worker-29] INFO  o.e.m.c.i.p.ProjectConfigurationManager - Update started
2024-01-18 09:55:26,079 [Worker-29] INFO  o.e.m.c.i.l.LifecycleMappingFactory - Using org.eclipse.m2e.jdt.JarLifecycleMapping lifecycle mapping for MavenProject: com.ts:Student:0.0.1-SNAPSHOT @ C:\jdbc-assignment\SpringBoot\Student\pom.xml.
2024-01-18 09:55:27,347 [Worker-29] INFO  o.e.m.j.i.AbstractJavaProjectConfigurator - Adding source folder /Student/src/main/java
2024-01-18 09:55:27,347 [Worker-29] INFO  o.e.m.j.i.AbstractJavaProjectConfigurator - Adding resource folder /Student/src/main/resources
2024-01-18 09:55:27,347 [Worker-29] INFO  o.e.m.j.i.AbstractJavaProjectConfigurator - Adding resource folder /Student/src/main/resources
2024-01-18 09:55:27,348 [Worker-29] INFO  o.e.m.j.i.AbstractJavaProjectConfigurator - Adding source folder /Student/src/test/java
2024-01-18 09:55:27,523 [Worker-29] INFO  o.e.m.c.i.p.ProjectConfigurationManager - Update completed: 2 sec
2024-01-18 09:55:28,443 [Worker-34] INFO  o.e.m.c.i.embedder.EclipseLogger - Using 'UTF-8' encoding to copy filtered resources.
2024-01-18 09:55:28,443 [Worker-34] INFO  o.e.m.c.i.embedder.EclipseLogger - Using 'UTF-8' encoding to copy filtered properties files.
2024-01-18 09:55:28,444 [Worker-34] INFO  o.e.m.c.i.embedder.EclipseLogger - Copying 1 resource
2024-01-18 09:55:28,461 [Worker-34] INFO  o.e.m.c.i.embedder.EclipseLogger - Copying 0 resource
2024-01-18 09:55:28,465 [Worker-34] INFO  o.e.m.c.i.embedder.EclipseLogger - Using 'UTF-8' encoding to copy filtered resources.
2024-01-18 09:55:28,465 [Worker-34] INFO  o.e.m.c.i.embedder.EclipseLogger - Using 'UTF-8' encoding to copy filtered properties files.
2024-01-18 09:55:28,465 [Worker-34] INFO  o.e.m.c.i.embedder.EclipseLogger - skip non existing resourceDirectory C:\jdbc-assignment\SpringBoot\Student\src\test\resources
2024-01-18 10:01:02,714 [Worker-37] INFO  o.e.m.c.i.embedder.EclipseLogger - Using 'UTF-8' encoding to copy filtered resources.
2024-01-18 10:01:02,715 [Worker-37] INFO  o.e.m.c.i.embedder.EclipseLogger - Using 'UTF-8' encoding to copy filtered properties files.
2024-01-18 10:01:02,717 [Worker-37] INFO  o.e.m.c.i.embedder.EclipseLogger - Copying 1 resource
2024-01-18 10:01:02,724 [Worker-37] INFO  o.e.m.c.i.embedder.EclipseLogger - Copying 0 resource
2024-01-18 10:01:02,726 [Worker-37] INFO  o.e.m.c.i.embedder.EclipseLogger - Using 'UTF-8' encoding to copy filtered resources.
2024-01-18 10:01:02,726 [Worker-37] INFO  o.e.m.c.i.embedder.EclipseLogger - Using 'UTF-8' encoding to copy filtered properties files.
2024-01-18 10:01:02,726 [Worker-37] INFO  o.e.m.c.i.embedder.EclipseLogger - skip non existing resourceDirectory C:\jdbc-assignment\SpringBoot\Student\src\test\resources
2024-01-18 10:02:56,400 [Worker-42] INFO  o.e.m.c.i.embedder.EclipseLogger - Using 'UTF-8' encoding to copy filtered resources.
2024-01-18 10:02:56,401 [Worker-42] INFO  o.e.m.c.i.embedder.EclipseLogger - Using 'UTF-8' encoding to copy filtered properties files.
2024-01-18 10:02:56,405 [Worker-42] INFO  o.e.m.c.i.embedder.EclipseLogger - Copying 1 resource
2024-01-18 10:02:56,464 [Worker-42] INFO  o.e.m.c.i.embedder.EclipseLogger - Copying 0 resource
2024-01-18 10:02:56,467 [Worker-42] INFO  o.e.m.c.i.embedder.EclipseLogger - Using 'UTF-8' encoding to copy filtered resources.
2024-01-18 10:02:56,468 [Worker-42] INFO  o.e.m.c.i.embedder.EclipseLogger - Using 'UTF-8' encoding to copy filtered properties files.
2024-01-18 10:02:56,468 [Worker-42] INFO  o.e.m.c.i.embedder.EclipseLogger - skip non existing resourceDirectory C:\jdbc-assignment\SpringBoot\Student\src\test\resources
2024-01-18 10:03:54,206 [Worker-42] INFO  o.e.m.c.i.embedder.EclipseLogger - Using 'UTF-8' encoding to copy filtered resources.
2024-01-18 10:03:54,206 [Worker-42] INFO  o.e.m.c.i.embedder.EclipseLogger - Using 'UTF-8' encoding to copy filtered properties files.
2024-01-18 10:03:54,208 [Worker-42] INFO  o.e.m.c.i.embedder.EclipseLogger - Copying 1 resource
2024-01-18 10:03:54,220 [Worker-42] INFO  o.e.m.c.i.embedder.EclipseLogger - Copying 0 resource
2024-01-18 10:03:54,223 [Worker-42] INFO  o.e.m.c.i.embedder.EclipseLogger - Using 'UTF-8' encoding to copy filtered resources.
2024-01-18 10:03:54,223 [Worker-42] INFO  o.e.m.c.i.embedder.EclipseLogger - Using 'UTF-8' encoding to copy filtered properties files.
2024-01-18 10:03:54,223 [Worker-42] INFO  o.e.m.c.i.embedder.EclipseLogger - skip non existing resourceDirectory C:\jdbc-assignment\SpringBoot\Student\src\test\resources
2024-01-18 10:06:45,407 [Worker-48] INFO  o.e.m.c.i.embedder.EclipseLogger - Using 'UTF-8' encoding to copy filtered resources.
2024-01-18 10:06:45,407 [Worker-48] INFO  o.e.m.c.i.embedder.EclipseLogger - Using 'UTF-8' encoding to copy filtered properties files.
2024-01-18 10:06:45,408 [Worker-48] INFO  o.e.m.c.i.embedder.EclipseLogger - Copying 1 resource
2024-01-18 10:06:45,485 [Worker-48] INFO  o.e.m.c.i.embedder.EclipseLogger - Copying 0 resource
2024-01-18 10:06:45,488 [Worker-48] INFO  o.e.m.c.i.embedder.EclipseLogger - Using 'UTF-8' encoding to copy filtered resources.
2024-01-18 10:06:45,488 [Worker-48] INFO  o.e.m.c.i.embedder.EclipseLogger - Using 'UTF-8' encoding to copy filtered properties files.
